INFO [2024-01-21 19:54:44] $x
INFO [2024-01-21 19:54:44] list(g1 %>% filter(subject == "Math") %>% select(CNTSCHID) %>% 
INFO [2024-01-21 19:54:44]     unlist(), g1 %>% filter(subject == "Science") %>% select(CNTSCHID) %>% 
INFO [2024-01-21 19:54:44]     unlist(), g1 %>% filter(subject == "Reading") %>% select(CNTSCHID) %>% 
INFO [2024-01-21 19:54:44]     unlist())
INFO [2024-01-21 19:54:44] 
INFO [2024-01-21 19:54:44] $category.names
INFO [2024-01-21 19:54:44] c("Math", "Science", "Reading")
INFO [2024-01-21 19:54:44] 
INFO [2024-01-21 19:54:44] $filename
INFO [2024-01-21 19:54:44] [1] "venn_g1.png"
INFO [2024-01-21 19:54:44] 
INFO [2024-01-21 19:54:44] $output
INFO [2024-01-21 19:54:44] [1] TRUE
INFO [2024-01-21 19:54:44] 
INFO [2024-01-21 19:54:44] $imagetype
INFO [2024-01-21 19:54:44] [1] "png"
INFO [2024-01-21 19:54:44] 
INFO [2024-01-21 19:54:44] $height
INFO [2024-01-21 19:54:44] [1] 480
INFO [2024-01-21 19:54:44] 
INFO [2024-01-21 19:54:44] $width
INFO [2024-01-21 19:54:44] [1] 480
INFO [2024-01-21 19:54:44] 
INFO [2024-01-21 19:54:44] $resolution
INFO [2024-01-21 19:54:44] [1] 300
INFO [2024-01-21 19:54:44] 
INFO [2024-01-21 19:54:44] $compression
INFO [2024-01-21 19:54:44] [1] "lzw"
INFO [2024-01-21 19:54:44] 
INFO [2024-01-21 19:54:44] $lwd
INFO [2024-01-21 19:54:44] [1] 1
INFO [2024-01-21 19:54:44] 
INFO [2024-01-21 19:54:44] $col
INFO [2024-01-21 19:54:44] c("#440154ff", "#21908dff", "#fde725ff")
INFO [2024-01-21 19:54:44] 
INFO [2024-01-21 19:54:44] $fill
INFO [2024-01-21 19:54:44] c(alpha("#440154ff", 0.3), alpha("#21908dff", 0.3), alpha("#fde725ff", 
INFO [2024-01-21 19:54:44]     0.3))
INFO [2024-01-21 19:54:44] 
INFO [2024-01-21 19:54:44] $cex
INFO [2024-01-21 19:54:44] [1] 0.5
INFO [2024-01-21 19:54:44] 
INFO [2024-01-21 19:54:44] $fontfamily
INFO [2024-01-21 19:54:44] [1] "sans"
INFO [2024-01-21 19:54:44] 
INFO [2024-01-21 19:54:44] $cat.cex
INFO [2024-01-21 19:54:44] [1] 0.3
INFO [2024-01-21 19:54:44] 
INFO [2024-01-21 19:54:44] $cat.default.pos
INFO [2024-01-21 19:54:44] [1] "outer"
INFO [2024-01-21 19:54:44] 
INFO [2024-01-21 19:54:44] $cat.pos
INFO [2024-01-21 19:54:44] c(-27, 27, 135)
INFO [2024-01-21 19:54:44] 
INFO [2024-01-21 19:54:44] $cat.dist
INFO [2024-01-21 19:54:44] c(0.055, 0.055, 0.085)
INFO [2024-01-21 19:54:44] 
INFO [2024-01-21 19:54:44] $cat.fontfamily
INFO [2024-01-21 19:54:44] [1] "sans"
INFO [2024-01-21 19:54:44] 
INFO [2024-01-21 19:54:44] $cat.col
INFO [2024-01-21 19:54:44] c("#440154ff", "#21908dff", "#fde725ff")
INFO [2024-01-21 19:54:44] 
INFO [2024-01-21 19:54:44] $rotation
INFO [2024-01-21 19:54:44] [1] 1
INFO [2024-01-21 19:54:44] 
