INFO [2024-01-21 20:03:20] $x
INFO [2024-01-21 20:03:20] list(g4 %>% filter(subject == "Math") %>% select(CNTSCHID) %>% 
INFO [2024-01-21 20:03:20]     unlist(), g4 %>% filter(subject == "Science") %>% select(CNTSCHID) %>% 
INFO [2024-01-21 20:03:20]     unlist(), g4 %>% filter(subject == "Reading") %>% select(CNTSCHID) %>% 
INFO [2024-01-21 20:03:20]     unlist())
INFO [2024-01-21 20:03:20] 
INFO [2024-01-21 20:03:20] $category.names
INFO [2024-01-21 20:03:20] c("Math", "Science", "Reading")
INFO [2024-01-21 20:03:20] 
INFO [2024-01-21 20:03:20] $filename
INFO [2024-01-21 20:03:20] [1] "venn_g4.png"
INFO [2024-01-21 20:03:20] 
INFO [2024-01-21 20:03:20] $output
INFO [2024-01-21 20:03:20] [1] TRUE
INFO [2024-01-21 20:03:20] 
INFO [2024-01-21 20:03:20] $imagetype
INFO [2024-01-21 20:03:20] [1] "png"
INFO [2024-01-21 20:03:20] 
INFO [2024-01-21 20:03:20] $height
INFO [2024-01-21 20:03:20] [1] 480
INFO [2024-01-21 20:03:20] 
INFO [2024-01-21 20:03:20] $width
INFO [2024-01-21 20:03:20] [1] 480
INFO [2024-01-21 20:03:20] 
INFO [2024-01-21 20:03:20] $resolution
INFO [2024-01-21 20:03:20] [1] 300
INFO [2024-01-21 20:03:20] 
INFO [2024-01-21 20:03:20] $compression
INFO [2024-01-21 20:03:20] [1] "lzw"
INFO [2024-01-21 20:03:20] 
INFO [2024-01-21 20:03:20] $lwd
INFO [2024-01-21 20:03:20] [1] 1
INFO [2024-01-21 20:03:20] 
INFO [2024-01-21 20:03:20] $col
INFO [2024-01-21 20:03:20] c("#440154ff", "#21908dff", "#fde725ff")
INFO [2024-01-21 20:03:20] 
INFO [2024-01-21 20:03:20] $fill
INFO [2024-01-21 20:03:20] c(alpha("#440154ff", 0.3), alpha("#21908dff", 0.3), alpha("#fde725ff", 
INFO [2024-01-21 20:03:20]     0.3))
INFO [2024-01-21 20:03:20] 
INFO [2024-01-21 20:03:20] $cex
INFO [2024-01-21 20:03:20] [1] 0.5
INFO [2024-01-21 20:03:20] 
INFO [2024-01-21 20:03:20] $fontfamily
INFO [2024-01-21 20:03:20] [1] "sans"
INFO [2024-01-21 20:03:20] 
INFO [2024-01-21 20:03:20] $cat.cex
INFO [2024-01-21 20:03:20] [1] 0.3
INFO [2024-01-21 20:03:20] 
INFO [2024-01-21 20:03:20] $cat.default.pos
INFO [2024-01-21 20:03:20] [1] "outer"
INFO [2024-01-21 20:03:20] 
INFO [2024-01-21 20:03:20] $cat.pos
INFO [2024-01-21 20:03:20] c(-27, 27, 135)
INFO [2024-01-21 20:03:20] 
INFO [2024-01-21 20:03:20] $cat.dist
INFO [2024-01-21 20:03:20] c(0.055, 0.055, 0.085)
INFO [2024-01-21 20:03:20] 
INFO [2024-01-21 20:03:20] $cat.fontfamily
INFO [2024-01-21 20:03:20] [1] "sans"
INFO [2024-01-21 20:03:20] 
INFO [2024-01-21 20:03:20] $cat.col
INFO [2024-01-21 20:03:20] c("#440154ff", "#21908dff", "#fde725ff")
INFO [2024-01-21 20:03:20] 
INFO [2024-01-21 20:03:20] $rotation
INFO [2024-01-21 20:03:20] [1] 1
INFO [2024-01-21 20:03:20] 
