INFO [2024-01-21 20:02:46] $x
INFO [2024-01-21 20:02:46] list(g4 %>% filter(subject == "Math") %>% select(CNTSCHID) %>% 
INFO [2024-01-21 20:02:46]     unlist(), g4 %>% filter(subject == "Science") %>% select(CNTSCHID) %>% 
INFO [2024-01-21 20:02:46]     unlist(), g4 %>% filter(subject == "Reading") %>% select(CNTSCHID) %>% 
INFO [2024-01-21 20:02:46]     unlist())
INFO [2024-01-21 20:02:46] 
INFO [2024-01-21 20:02:46] $category.names
INFO [2024-01-21 20:02:46] c("Math", "Science", "Reading")
INFO [2024-01-21 20:02:46] 
INFO [2024-01-21 20:02:46] $filename
INFO [2024-01-21 20:02:46] [1] "venn_g4.png"
INFO [2024-01-21 20:02:46] 
INFO [2024-01-21 20:02:46] $output
INFO [2024-01-21 20:02:46] [1] TRUE
INFO [2024-01-21 20:02:46] 
INFO [2024-01-21 20:02:46] $imagetype
INFO [2024-01-21 20:02:46] [1] "png"
INFO [2024-01-21 20:02:46] 
INFO [2024-01-21 20:02:46] $height
INFO [2024-01-21 20:02:46] [1] 480
INFO [2024-01-21 20:02:46] 
INFO [2024-01-21 20:02:46] $width
INFO [2024-01-21 20:02:46] [1] 480
INFO [2024-01-21 20:02:46] 
INFO [2024-01-21 20:02:46] $resolution
INFO [2024-01-21 20:02:46] [1] 300
INFO [2024-01-21 20:02:46] 
INFO [2024-01-21 20:02:46] $compression
INFO [2024-01-21 20:02:46] [1] "lzw"
INFO [2024-01-21 20:02:46] 
INFO [2024-01-21 20:02:46] $lwd
INFO [2024-01-21 20:02:46] [1] 1
INFO [2024-01-21 20:02:46] 
INFO [2024-01-21 20:02:46] $col
INFO [2024-01-21 20:02:46] c("#440154ff", "#21908dff", "#fde725ff")
INFO [2024-01-21 20:02:46] 
INFO [2024-01-21 20:02:46] $fill
INFO [2024-01-21 20:02:46] c(alpha("#440154ff", 0.3), alpha("#21908dff", 0.3), alpha("#fde725ff", 
INFO [2024-01-21 20:02:46]     0.3))
INFO [2024-01-21 20:02:46] 
INFO [2024-01-21 20:02:46] $cex
INFO [2024-01-21 20:02:46] [1] 0.5
INFO [2024-01-21 20:02:46] 
INFO [2024-01-21 20:02:46] $fontfamily
INFO [2024-01-21 20:02:46] [1] "sans"
INFO [2024-01-21 20:02:46] 
INFO [2024-01-21 20:02:46] $cat.cex
INFO [2024-01-21 20:02:46] [1] 0.3
INFO [2024-01-21 20:02:46] 
INFO [2024-01-21 20:02:46] $cat.default.pos
INFO [2024-01-21 20:02:46] [1] "outer"
INFO [2024-01-21 20:02:46] 
INFO [2024-01-21 20:02:46] $cat.pos
INFO [2024-01-21 20:02:46] c(-27, 27, 135)
INFO [2024-01-21 20:02:46] 
INFO [2024-01-21 20:02:46] $cat.dist
INFO [2024-01-21 20:02:46] c(0.055, 0.055, 0.085)
INFO [2024-01-21 20:02:46] 
INFO [2024-01-21 20:02:46] $cat.fontfamily
INFO [2024-01-21 20:02:46] [1] "sans"
INFO [2024-01-21 20:02:46] 
INFO [2024-01-21 20:02:46] $cat.col
INFO [2024-01-21 20:02:46] c("#440154ff", "#21908dff", "#fde725ff")
INFO [2024-01-21 20:02:46] 
INFO [2024-01-21 20:02:46] $rotation
INFO [2024-01-21 20:02:46] [1] 1
INFO [2024-01-21 20:02:46] 
